0 verbose cli C:\Program Files\nodejs\node.exe C:\Program Files\nodejs\node_modules\npm\bin\npm-cli.js
1 info using npm@10.9.3
2 info using node@v22.19.0
3 silly config load:file:C:\Program Files\nodejs\node_modules\npm\npmrc
4 silly config load:file:c:\Users\HomePC\Desktop\BACKEND\classname-backend\.npmrc
5 silly config load:file:C:\Users\HomePC\.npmrc
6 silly config load:file:C:\Users\HomePC\AppData\Roaming\npm\etc\npmrc
7 verbose title npm view mogodb description dist-tags.latest homepage version time
8 verbose argv "view" "--json" "--" "mogodb" "description" "dist-tags.latest" "homepage" "version" "time"
9 verbose logfile logs-max:10 dir:c:\Users\HomePC\Desktop\BACKEND\classname-backend\verify\_logs\2025-11-30T12_33_12_412Z-
10 verbose logfile c:\Users\HomePC\Desktop\BACKEND\classname-backend\verify\_logs\2025-11-30T12_33_12_412Z-debug-0.log
11 silly logfile start cleaning logs, removing 5 files
12 silly logfile done cleaning log files
13 http cache https://registry.npmjs.org/mogodb 502ms (cache hit)
14 verbose cwd c:\Users\HomePC\Desktop\BACKEND\classname-backend
15 verbose os Windows_NT 10.0.19045
16 verbose node v22.19.0
17 verbose npm  v10.9.3
18 verbose exit 0
19 info ok
