0 verbose cli C:\Program Files\nodejs\node.exe C:\Program Files\nodejs\node_modules\npm\bin\npm-cli.js
1 info using npm@10.9.3
2 info using node@v22.19.0
3 silly config load:file:C:\Program Files\nodejs\node_modules\npm\npmrc
4 silly config load:file:C:\Users\HomePC\Desktop\BACKEND\classname-backend\.npmrc
5 silly config load:file:C:\Users\HomePC\.npmrc
6 silly config load:file:C:\Users\HomePC\AppData\Roaming\npm\etc\npmrc
7 verbose title npm i crypto
8 verbose argv "i" "crypto"
9 verbose logfile logs-max:10 dir:C:\Users\HomePC\Desktop\BACKEND\classname-backend\verify\_logs\2025-12-22T09_15_07_912Z-
10 verbose logfile C:\Users\HomePC\Desktop\BACKEND\classname-backend\verify\_logs\2025-12-22T09_15_07_912Z-debug-0.log
11 silly logfile start cleaning logs, removing 1 files
12 silly packumentCache heap:2197815296 maxSize:549453824 maxEntrySize:274726912
13 silly logfile done cleaning log files
14 silly idealTree buildDeps
15 silly fetch manifest crypto@*
16 silly packumentCache full:https://registry.npmjs.org/crypto cache-miss
17 http fetch GET 200 https://registry.npmjs.org/crypto 2813ms (cache miss)
18 silly packumentCache full:https://registry.npmjs.org/crypto set size:undefined disposed:false
19 silly placeDep ROOT crypto@1.0.1 OK for: classname-backend@1.0.0 want: *
20 silly reify moves {}
21 silly audit bulk request {
21 silly audit   '@mongodb-js/saslprep': [ '1.3.2' ],
21 silly audit   '@types/webidl-conversions': [ '7.0.3' ],
21 silly audit   '@types/whatwg-url': [ '11.0.5' ],
21 silly audit   accepts: [ '2.0.0' ],
21 silly audit   anymatch: [ '3.1.3' ],
21 silly audit   'balanced-match': [ '1.0.2' ],
21 silly audit   base64url: [ '3.0.1' ],
21 silly audit   bcryptjs: [ '3.0.3' ],
21 silly audit   'binary-extensions': [ '2.3.0' ],
21 silly audit   'body-parser': [ '2.2.0' ],
21 silly audit   'brace-expansion': [ '1.1.12' ],
21 silly audit   braces: [ '3.0.3' ],
21 silly audit   bson: [ '6.10.4' ],
21 silly audit   'buffer-equal-constant-time': [ '1.0.1' ],
21 silly audit   bytes: [ '3.1.2' ],
21 silly audit   'call-bind-apply-helpers': [ '1.0.2' ],
21 silly audit   'call-bound': [ '1.0.4' ],
21 silly audit   chokidar: [ '3.6.0' ],
21 silly audit   'concat-map': [ '0.0.1' ],
21 silly audit   'content-disposition': [ '1.0.0' ],
21 silly audit   'content-type': [ '1.0.5' ],
21 silly audit   cookie: [ '0.7.2' ],
21 silly audit   'cookie-signature': [ '1.2.2' ],
21 silly audit   cors: [ '2.8.5' ],
21 silly audit   debug: [ '4.4.3' ],
21 silly audit   depd: [ '2.0.0' ],
21 silly audit   dotenv: [ '17.2.3' ],
21 silly audit   'dunder-proto': [ '1.0.1' ],
21 silly audit   'ecdsa-sig-formatter': [ '1.0.11' ],
21 silly audit   'ee-first': [ '1.1.1' ],
21 silly audit   encodeurl: [ '2.0.0' ],
21 silly audit   'es-define-property': [ '1.0.1' ],
21 silly audit   'es-errors': [ '1.3.0' ],
21 silly audit   'es-object-atoms': [ '1.1.1' ],
21 silly audit   'escape-html': [ '1.0.3' ],
21 silly audit   etag: [ '1.8.1' ],
21 silly audit   express: [ '5.1.0' ],
21 silly audit   'fill-range': [ '7.1.1' ],
21 silly audit   finalhandler: [ '2.1.0' ],
21 silly audit   forwarded: [ '0.2.0' ],
21 silly audit   fresh: [ '2.0.0' ],
21 silly audit   fsevents: [ '2.3.3' ],
21 silly audit   'function-bind': [ '1.1.2' ],
21 silly audit   'get-intrinsic': [ '1.3.0' ],
21 silly audit   'get-proto': [ '1.0.1' ],
21 silly audit   'glob-parent': [ '5.1.2' ],
21 silly audit   gopd: [ '1.2.0' ],
21 silly audit   'has-flag': [ '3.0.0' ],
21 silly audit   'has-symbols': [ '1.1.0' ],
21 silly audit   hasown: [ '2.0.2' ],
21 silly audit   'http-errors': [ '2.0.0' ],
21 silly audit   statuses: [ '2.0.1', '2.0.2' ],
21 silly audit   'iconv-lite': [ '0.6.3', '0.7.0' ],
21 silly audit   'ignore-by-default': [ '1.0.1' ],
21 silly audit   inherits: [ '2.0.4' ],
21 silly audit   'ipaddr.js': [ '1.9.1' ],
21 silly audit   'is-binary-path': [ '2.1.0' ],
21 silly audit   'is-extglob': [ '2.1.1' ],
21 silly audit   'is-glob': [ '4.0.3' ],
21 silly audit   'is-number': [ '7.0.0' ],
21 silly audit   'is-promise': [ '4.0.0' ],
21 silly audit   jsonwebtoken: [ '9.0.2' ],
21 silly audit   jwa: [ '1.4.2' ],
21 silly audit   jws: [ '3.2.2' ],
21 silly audit   kareem: [ '2.6.3' ],
21 silly audit   'lodash.includes': [ '4.3.0' ],
21 silly audit   'lodash.isboolean': [ '3.0.3' ],
21 silly audit   'lodash.isinteger': [ '4.0.4' ],
21 silly audit   'lodash.isnumber': [ '3.0.3' ],
21 silly audit   'lodash.isplainobject': [ '4.0.6' ],
21 silly audit   'lodash.isstring': [ '4.0.1' ],
21 silly audit   'lodash.once': [ '4.1.1' ],
21 silly audit   'math-intrinsics': [ '1.1.0' ],
21 silly audit   'media-typer': [ '1.1.0' ],
21 silly audit   'memory-pager': [ '1.5.0' ],
21 silly audit   'merge-descriptors': [ '2.0.0' ],
21 silly audit   'mime-db': [ '1.54.0' ],
21 silly audit   'mime-types': [ '3.0.1' ],
21 silly audit   minimatch: [ '3.1.2' ],
21 silly audit   mogodb: [ '0.0.1-security' ],
21 silly audit   mongodb: [ '6.20.0' ],
21 silly audit   'mongodb-connection-string-url': [ '3.0.2' ],
21 silly audit   mongoose: [ '8.19.4' ],
21 silly audit   mpath: [ '0.9.0' ],
21 silly audit   mquery: [ '5.0.0' ],
21 silly audit   ms: [ '2.1.3' ],
21 silly audit   negotiator: [ '1.0.0' ],
21 silly audit   nodemon: [ '3.1.11' ],
21 silly audit   'normalize-path': [ '3.0.0' ],
21 silly audit   oauth: [ '0.10.2' ],
21 silly audit   'object-assign': [ '4.1.1' ],
21 silly audit   'object-inspect': [ '1.13.4' ],
21 silly audit   'on-finished': [ '2.4.1' ],
21 silly audit   once: [ '1.4.0' ],
21 silly audit   parseurl: [ '1.3.3' ],
21 silly audit   passport: [ '0.7.0' ],
21 silly audit   'passport-facebook': [ '3.0.0' ],
21 silly audit   'passport-google-oauth20': [ '2.0.0' ],
21 silly audit   'passport-oauth2': [ '1.8.0' ],
21 silly audit   'passport-strategy': [ '1.0.0' ],
21 silly audit   'path-to-regexp': [ '8.3.0' ],
21 silly audit   pause: [ '0.0.1' ],
21 silly audit   picomatch: [ '2.3.1' ],
21 silly audit   'proxy-addr': [ '2.0.7' ],
21 silly audit   'pstree.remy': [ '1.1.8' ],
21 silly audit   punycode: [ '2.3.1' ],
21 silly audit   qs: [ '6.14.0' ],
21 silly audit   'range-parser': [ '1.2.1' ],
21 silly audit   'raw-body': [ '3.0.1' ],
21 silly audit   readdirp: [ '3.6.0' ],
21 silly audit   router: [ '2.2.0' ],
21 silly audit   'safe-buffer': [ '5.2.1' ],
21 silly audit   'safer-buffer': [ '2.1.2' ],
21 silly audit   semver: [ '7.7.3' ],
21 silly audit   send: [ '1.2.0' ],
21 silly audit   'serve-static': [ '2.2.0' ],
21 silly audit   setprototypeof: [ '1.2.0' ],
21 silly audit   'side-channel': [ '1.1.0' ],
21 silly audit   'side-channel-list': [ '1.0.0' ],
21 silly audit   'side-channel-map': [ '1.0.1' ],
21 silly audit   'side-channel-weakmap': [ '1.0.2' ],
21 silly audit   sift: [ '17.1.3' ],
21 silly audit   'simple-update-notifier': [ '2.0.0' ],
21 silly audit   'sparse-bitfield': [ '3.0.3' ],
21 silly audit   'supports-color': [ '5.5.0' ],
21 silly audit   'to-regex-range': [ '5.0.1' ],
21 silly audit   toidentifier: [ '1.0.1' ],
21 silly audit   touch: [ '3.1.1' ],
21 silly audit   tr46: [ '5.1.1' ],
21 silly audit   'type-is': [ '2.0.1' ],
21 silly audit   uid2: [ '0.0.4' ],
21 silly audit   undefsafe: [ '2.0.5' ],
21 silly audit   unpipe: [ '1.0.0' ],
21 silly audit   'utils-merge': [ '1.0.1' ],
21 silly audit   vary: [ '1.1.2' ],
21 silly audit   'webidl-conversions': [ '7.0.0' ],
21 silly audit   'whatwg-url': [ '14.2.0' ],
21 silly audit   wrappy: [ '1.0.2' ],
21 silly audit   crypto: [ '1.0.1' ]
21 silly audit }
22 verbose reify failed optional dependency C:\Users\HomePC\Desktop\BACKEND\classname-backend\node_modules\fsevents
23 silly reify mark deleted [
23 silly reify   'C:\\Users\\HomePC\\Desktop\\BACKEND\\classname-backend\\node_modules\\fsevents'
23 silly reify ]
24 http cache crypto@https://registry.npmjs.org/crypto/-/crypto-1.0.1.tgz 0ms (cache hit)
25 silly tarball no local data for crypto@https://registry.npmjs.org/crypto/-/crypto-1.0.1.tgz. Extracting by manifest.
26 http fetch POST 200 https://registry.npmjs.org/-/npm/v1/security/advisories/bulk 448ms
27 silly audit report {
27 silly audit report   'body-parser': [
27 silly audit report     {
27 silly audit report       id: 1110858,
27 silly audit report       url: 'https://github.com/advisories/GHSA-wqch-xfxh-vrr4',
27 silly audit report       title: 'body-parser is vulnerable to denial of service when url encoding is used',
27 silly audit report       severity: 'moderate',
27 silly audit report       vulnerable_versions: '>=2.2.0 <2.2.1',
27 silly audit report       cwe: [Array],
27 silly audit report       cvss: [Object]
27 silly audit report     }
27 silly audit report   ],
27 silly audit report   jws: [
27 silly audit report     {
27 silly audit report       id: 1111244,
27 silly audit report       url: 'https://github.com/advisories/GHSA-869p-cjfg-cm3x',
27 silly audit report       title: 'auth0/node-jws Improperly Verifies HMAC Signature',
27 silly audit report       severity: 'high',
27 silly audit report       vulnerable_versions: '<3.2.3',
27 silly audit report       cwe: [Array],
27 silly audit report       cvss: [Object]
27 silly audit report     }
27 silly audit report   ]
27 silly audit report }
28 silly packumentCache corgi:https://registry.npmjs.org/body-parser cache-miss
29 silly packumentCache corgi:https://registry.npmjs.org/jws cache-miss
30 http fetch GET 200 https://registry.npmjs.org/body-parser 608ms (cache stale)
31 silly packumentCache corgi:https://registry.npmjs.org/body-parser set size:75514 disposed:false
32 http fetch GET 200 https://registry.npmjs.org/crypto/-/crypto-1.0.1.tgz 1040ms (cache miss)
33 warn deprecated crypto@1.0.1: This package is no longer supported. It's now a built-in Node module. If you've depended on crypto, you should switch to the one that's built-in.
34 http fetch GET 200 https://registry.npmjs.org/jws 646ms (cache stale)
35 silly packumentCache corgi:https://registry.npmjs.org/jws set size:20153 disposed:false
36 silly packumentCache corgi:https://registry.npmjs.org/express cache-miss
37 http fetch GET 200 https://registry.npmjs.org/express 518ms (cache stale)
38 silly packumentCache corgi:https://registry.npmjs.org/express set size:331341 disposed:false
39 silly packumentCache corgi:https://registry.npmjs.org/jsonwebtoken cache-miss
40 http fetch GET 200 https://registry.npmjs.org/jsonwebtoken 101ms (cache stale)
41 silly packumentCache corgi:https://registry.npmjs.org/jsonwebtoken set size:67367 disposed:false
42 silly ADD node_modules/crypto
43 silly ADD
44 verbose cwd C:\Users\HomePC\Desktop\BACKEND\classname-backend
45 verbose os Windows_NT 10.0.19045
46 verbose node v22.19.0
47 verbose npm  v10.9.3
48 verbose exit 0
49 info ok
